<?xml version="1.0" encoding="UTF-8"?>
<!-- Generated by org.testng.reporters.JUnitReportReporter -->
<testsuite skipped="0" hostname="LAPTOP-S5M35NOQ" name="barCode.BarCodeTest" tests="1" failures="0" timestamp="2020-10-28T18:35:35 IST" time="13.002" errors="0">
  <testcase name="TestBarCode" time="13.002" classname="barCode.BarCodeTest"/>
  <system-out/>
</testsuite> <!-- barCode.BarCodeTest -->
